<testsuites id="" name="" tests="1" failures="0" skipped="0" errors="0" time="22.640884000000003">
<testsuite name="Letcode.spec.js" timestamp="2025-04-04T07:19:35.738Z" hostname="chrome" tests="1" failures="0" skipped="0" time="19.388" errors="0">
<testcase name="Test Sortable ToDo List" classname="Letcode.spec.js" time="19.388">
<system-out>
<![CDATA[
[[ATTACHMENT|test-results\Letcode-Test-Sortable-ToDo-List-chrome\test-finished-1.png]]

[[ATTACHMENT|test-results\Letcode-Test-Sortable-ToDo-List-chrome\trace.zip]]
]]>
</system-out>
</testcase>
</testsuite>
</testsuites>